<?xml version="1.0" encoding="UTF-8"?>
<!-- Generated by org.testng.reporters.JUnitReportReporter -->
<testsuite hostname="DESKTOP-2MQ9SDJ" failures="0" tests="1" name="Templates.Yes_No_Qns" time="17.259" errors="0" timestamp="2021-12-22T17:55:32 IST" skipped="0">
  <testcase classname="Templates.Yes_No_Qns" name="test" time="17.259"/>
  <system-out/>
</testsuite> <!-- Templates.Yes_No_Qns -->
