<?xml version="1.0" encoding="UTF-8"?>
<!-- Generated by org.testng.reporters.JUnitReportReporter -->
<testsuite hostname="DESKTOP-2MQ9SDJ" failures="0" tests="2" name="Assessments.Hide_Show" time="76.716" errors="0" timestamp="2022-01-11T15:40:02 IST" skipped="0">
  <testcase classname="Assessments.Hide_Show" name="testReportContentHide" time="39.961"/>
  <system-out/>
  <testcase classname="Assessments.Hide_Show" name="testReportContentShow" time="36.755"/>
  <system-out/>
</testsuite> <!-- Assessments.Hide_Show -->
