<?xml version="1.0" encoding="UTF-8"?>
<!-- Generated by org.testng.reporters.JUnitReportReporter -->
<testsuite hostname="DESKTOP-2MQ9SDJ" failures="0" tests="1" name="Templates.Reordering_Sections_Questions" time="63.877" errors="0" timestamp="2021-12-22T15:46:47 IST" skipped="0">
  <testcase classname="Templates.Reordering_Sections_Questions" name="testReordering" time="63.877"/>
  <system-out/>
</testsuite> <!-- Templates.Reordering_Sections_Questions -->
