<?xml version="1.0" encoding="UTF-8"?>
<!-- Generated by org.testng.reporters.JUnitReportReporter -->
<testsuite hostname="DESKTOP-2MQ9SDJ" failures="0" tests="1" name="Templates.AddQuestions" time="21.823" errors="0" timestamp="2021-10-12T15:55:23 IST" skipped="0">
  <testcase classname="Templates.AddQuestions" name="testAddQuestions" time="21.823"/>
  <system-out/>
</testsuite> <!-- Templates.AddQuestions -->
