<?xml version="1.0" encoding="UTF-8"?>
<!-- Generated by org.testng.reporters.JUnitReportReporter -->
<testsuite hostname="DESKTOP-2MQ9SDJ" failures="0" tests="1" name="Templates.ImportTemplateCSV" time="26.027" errors="0" timestamp="2022-01-19T13:43:15 IST" skipped="0">
  <testcase classname="Templates.ImportTemplateCSV" name="testImportTemplateCSV" time="26.027"/>
  <system-out/>
</testsuite> <!-- Templates.ImportTemplateCSV -->
