<?xml version="1.0" encoding="UTF-8"?>
<!-- Generated by org.testng.reporters.JUnitReportReporter -->
<testsuite hostname="DESKTOP-2MQ9SDJ" failures="0" tests="1" name="Assessments.EditSectionScores" time="22.539" errors="0" timestamp="2022-01-05T17:56:16 IST" skipped="0">
  <testcase classname="Assessments.EditSectionScores" name="testEditSectionScore" time="22.539"/>
  <system-out/>
</testsuite> <!-- Assessments.EditSectionScores -->
