<?xml version="1.0" encoding="UTF-8"?>
<!-- Generated by org.testng.reporters.JUnitReportReporter -->
<testsuite hostname="DESKTOP-2MQ9SDJ" failures="0" tests="1" name="Templates.Reordering_Sections_Questions" time="109.735" errors="0" timestamp="2022-01-19T14:06:34 IST" skipped="0">
  <testcase classname="Templates.Reordering_Sections_Questions" name="testReordering" time="109.735"/>
  <system-out/>
</testsuite> <!-- Templates.Reordering_Sections_Questions -->
