<?xml version="1.0" encoding="UTF-8"?>
<!-- Generated by org.testng.reporters.JUnitReportReporter -->
<testsuite hostname="DESKTOP-2MQ9SDJ" failures="0" tests="1" name="Templates.publish_without_DetailedExecReports" time="22.393" errors="0" timestamp="2022-01-19T18:01:59 IST" skipped="0">
  <testcase classname="Templates.publish_without_DetailedExecReports" name="testPublishTemp" time="22.393"/>
  <system-out/>
</testsuite> <!-- Templates.publish_without_DetailedExecReports -->
