<?xml version="1.0" encoding="UTF-8"?>
<!-- Generated by org.testng.reporters.JUnitReportReporter -->
<testsuite hostname="DESKTOP-2MQ9SDJ" failures="0" tests="1" name="Templates.configuring_template" time="21.070" errors="0" timestamp="2022-01-19T13:43:15 IST" skipped="0">
  <testcase classname="Templates.configuring_template" name="testConfigure" time="21.070"/>
  <system-out/>
</testsuite> <!-- Templates.configuring_template -->
