<?xml version="1.0" encoding="UTF-8"?>
<!-- Generated by org.testng.reporters.JUnitReportReporter -->
<testsuite hostname="DESKTOP-2MQ9SDJ" failures="0" tests="1" name="Assessments.EditAssessment" time="10.075" errors="0" timestamp="2022-01-06T17:57:27 IST" skipped="0">
  <testcase classname="Assessments.EditAssessment" name="testEditAssessment" time="10.075"/>
  <system-out/>
</testsuite> <!-- Assessments.EditAssessment -->
