<?xml version="1.0" encoding="UTF-8"?>
<!-- Generated by org.testng.reporters.JUnitReportReporter -->
<testsuite hostname="DESKTOP-2MQ9SDJ" failures="0" tests="1" name="Templates.DuplicateTemplate" time="29.972" errors="0" timestamp="2022-01-18T19:59:01 IST" skipped="0">
  <testcase classname="Templates.DuplicateTemplate" name="testDuplicateTemplate" time="29.972"/>
  <system-out/>
</testsuite> <!-- Templates.DuplicateTemplate -->
