<?xml version="1.0" encoding="UTF-8"?>
<!-- Generated by org.testng.reporters.JUnitReportReporter -->
<testsuite hostname="DESKTOP-2MQ9SDJ" failures="0" tests="1" name="Assessments.ReAssignUser" time="25.857" errors="0" timestamp="2022-01-10T11:28:24 IST" skipped="0">
  <testcase classname="Assessments.ReAssignUser" name="testReAssignReviewer" time="25.857"/>
  <system-out/>
</testsuite> <!-- Assessments.ReAssignUser -->
