<?xml version="1.0" encoding="UTF-8"?>
<!-- Generated by org.testng.reporters.JUnitReportReporter -->
<testsuite hostname="DESKTOP-2MQ9SDJ" failures="0" tests="1" name="Assessments.SwitchReport" time="35.947" errors="0" timestamp="2022-01-10T10:10:02 IST" skipped="0">
  <testcase classname="Assessments.SwitchReport" name="testSwitchReport" time="35.947"/>
  <system-out/>
</testsuite> <!-- Assessments.SwitchReport -->
