<?xml version="1.0" encoding="UTF-8"?>
<!-- Generated by org.testng.reporters.JUnitReportReporter -->
<testsuite hostname="DESKTOP-2MQ9SDJ" failures="0" tests="1" name="Templates.publish_without_ExecReport" time="39.579" errors="0" timestamp="2022-01-18T19:54:21 IST" skipped="0">
  <testcase classname="Templates.publish_without_ExecReport" name="testPublishNoExecutive" time="39.579"/>
  <system-out/>
</testsuite> <!-- Templates.publish_without_ExecReport -->
