<?xml version="1.0" encoding="UTF-8"?>
<!-- Generated by org.testng.reporters.JUnitReportReporter -->
<testsuite hostname="DESKTOP-2MQ9SDJ" failures="0" tests="1" name="Templates.Yes_No_Qns" time="70.887" errors="0" timestamp="2022-01-17T13:08:09 IST" skipped="0">
  <testcase classname="Templates.Yes_No_Qns" name="test" time="70.887"/>
  <system-out/>
</testsuite> <!-- Templates.Yes_No_Qns -->
