<?xml version="1.0" encoding="UTF-8"?>
<!-- Generated by org.testng.reporters.JUnitReportReporter -->
<testsuite hostname="DESKTOP-2MQ9SDJ" failures="0" tests="1" name="Templates.Create_Template" time="17.109" errors="0" timestamp="2022-01-17T11:23:35 IST" skipped="0">
  <testcase classname="Templates.Create_Template" name="testCreateTemplate" time="17.109"/>
  <system-out/>
</testsuite> <!-- Templates.Create_Template -->
