<?xml version="1.0" encoding="UTF-8"?>
<!-- Generated by org.testng.reporters.JUnitReportReporter -->
<testsuite hostname="DESKTOP-2MQ9SDJ" failures="0" tests="1" name="Assessments.CopyResponse" time="23.254" errors="0" timestamp="2022-01-05T13:04:45 IST" skipped="0">
  <testcase classname="Assessments.CopyResponse" name="testCopyResponse" time="23.254"/>
  <system-out/>
</testsuite> <!-- Assessments.CopyResponse -->
