<?xml version="1.0" encoding="UTF-8"?>
<!-- Generated by org.testng.reporters.JUnitReportReporter -->
<testsuite hostname="DESKTOP-2MQ9SDJ" failures="0" tests="1" name="Templates.Publish_Temp_MultipleQnsPerPage" time="26.660" errors="0" timestamp="2022-01-19T15:39:18 IST" skipped="0">
  <testcase classname="Templates.Publish_Temp_MultipleQnsPerPage" name="testMultipleQnsPerPage" time="26.660"/>
  <system-out/>
</testsuite> <!-- Templates.Publish_Temp_MultipleQnsPerPage -->
