<?xml version="1.0" encoding="UTF-8"?>
<!-- Generated by org.testng.reporters.JUnitReportReporter -->
<testsuite hostname="DESKTOP-2MQ9SDJ" failures="0" tests="1" name="Templates.Qns1_10Slider" time="15.663" errors="0" timestamp="2021-12-22T17:07:22 IST" skipped="0">
  <testcase classname="Templates.Qns1_10Slider" name="testAddQuestions" time="15.663"/>
  <system-out/>
</testsuite> <!-- Templates.Qns1_10Slider -->
