<?xml version="1.0" encoding="UTF-8"?>
<!-- Generated by org.testng.reporters.JUnitReportReporter -->
<testsuite hostname="DESKTOP-2MQ9SDJ" failures="0" tests="1" name="Templates.import_Sections" time="14.360" errors="0" timestamp="2021-12-22T15:01:21 IST" skipped="0">
  <testcase classname="Templates.import_Sections" name="testImportSections" time="14.360"/>
  <system-out/>
</testsuite> <!-- Templates.import_Sections -->
