<?xml version="1.0" encoding="UTF-8"?>
<!-- Generated by org.testng.reporters.JUnitReportReporter -->
<testsuite hostname="DESKTOP-2MQ9SDJ" failures="0" tests="1" name="Assessments.DeleteInvitation" time="10.467" errors="0" timestamp="2022-01-04T17:17:59 IST" skipped="0">
  <testcase classname="Assessments.DeleteInvitation" name="testDeleteInvitation" time="10.467"/>
  <system-out/>
</testsuite> <!-- Assessments.DeleteInvitation -->
