<?xml version="1.0" encoding="UTF-8"?>
<!-- Generated by org.testng.reporters.JUnitReportReporter -->
<testsuite hostname="DESKTOP-2MQ9SDJ" failures="0" tests="1" name="Templates.EditQuestions" time="35.855" errors="0" timestamp="2022-01-19T13:43:15 IST" skipped="0">
  <testcase classname="Templates.EditQuestions" name="testEditQuestions" time="35.855"/>
  <system-out/>
</testsuite> <!-- Templates.EditQuestions -->
