<?xml version="1.0" encoding="UTF-8"?>
<!-- Generated by org.testng.reporters.JUnitReportReporter -->
<testsuite hostname="DESKTOP-2MQ9SDJ" failures="0" tests="1" name="Templates.Publish_Temp_MultipleQnsPerPage" time="47.657" errors="0" timestamp="2022-01-18T19:23:32 IST" skipped="0">
  <testcase classname="Templates.Publish_Temp_MultipleQnsPerPage" name="testMultipleQnsPerPage" time="47.657"/>
  <system-out/>
</testsuite> <!-- Templates.Publish_Temp_MultipleQnsPerPage -->
