<?xml version="1.0" encoding="UTF-8"?>
<!-- Generated by org.testng.reporters.JUnitReportReporter -->
<testsuite hostname="DESKTOP-2MQ9SDJ" failures="0" tests="1" name="Templates.Qns1_10Slider" time="42.746" errors="0" timestamp="2022-01-17T13:05:01 IST" skipped="0">
  <testcase classname="Templates.Qns1_10Slider" name="testAddQuestions" time="42.746"/>
  <system-out/>
</testsuite> <!-- Templates.Qns1_10Slider -->
