<?xml version="1.0" encoding="UTF-8"?>
<!-- Generated by org.testng.reporters.JUnitReportReporter -->
<testsuite hostname="DESKTOP-2MQ9SDJ" failures="0" tests="1" name="Templates.configuring_template" time="13.901" errors="0" timestamp="2022-01-11T17:53:26 IST" skipped="0">
  <testcase classname="Templates.configuring_template" name="testConfigure" time="13.901"/>
  <system-out/>
</testsuite> <!-- Templates.configuring_template -->
