<?xml version="1.0" encoding="UTF-8"?>
<!-- Generated by org.testng.reporters.JUnitReportReporter -->
<testsuite hostname="DESKTOP-2MQ9SDJ" failures="0" tests="1" name="Templates.import_Sections" time="32.143" errors="0" timestamp="2022-01-18T16:30:10 IST" skipped="0">
  <testcase classname="Templates.import_Sections" name="testImportSections" time="32.143"/>
  <system-out/>
</testsuite> <!-- Templates.import_Sections -->
