<?xml version="1.0" encoding="UTF-8"?>
<!-- Generated by org.testng.reporters.JUnitReportReporter -->
<testsuite hostname="DESKTOP-2MQ9SDJ" failures="0" tests="1" name="Templates.Qns1_10Slider" time="32.881" errors="0" timestamp="2022-01-19T13:51:29 IST" skipped="0">
  <testcase classname="Templates.Qns1_10Slider" name="testAddQuestions" time="32.881"/>
  <system-out/>
</testsuite> <!-- Templates.Qns1_10Slider -->
