<?xml version="1.0" encoding="UTF-8"?>
<!-- Generated by org.testng.reporters.JUnitReportReporter -->
<testsuite hostname="DESKTOP-2MQ9SDJ" failures="0" tests="1" name="Assessments.EditDate" time="13.396" errors="0" timestamp="2022-01-05T15:01:36 IST" skipped="0">
  <testcase classname="Assessments.EditDate" name="testDateofAssessment" time="13.396"/>
  <system-out/>
</testsuite> <!-- Assessments.EditDate -->
