<?xml version="1.0" encoding="UTF-8"?>
<!-- Generated by org.testng.reporters.JUnitReportReporter -->
<testsuite hostname="DESKTOP-2MQ9SDJ" failures="0" tests="1" name="Assessments.ReassignResource" time="9.017" errors="0" timestamp="2022-01-04T18:12:11 IST" skipped="0">
  <testcase classname="Assessments.ReassignResource" name="testReassignResource" time="9.017"/>
  <system-out/>
</testsuite> <!-- Assessments.ReassignResource -->
