<?xml version="1.0" encoding="UTF-8"?>
<!-- Generated by org.testng.reporters.JUnitReportReporter -->
<testsuite hostname="DESKTOP-2MQ9SDJ" failures="0" tests="1" name="Assessments.NISTMultiPageMultiQnsPerPage" time="34.575" errors="0" timestamp="2022-01-19T17:54:16 IST" skipped="0">
  <testcase classname="Assessments.NISTMultiPageMultiQnsPerPage" name="testMultiPage" time="34.575"/>
  <system-out/>
</testsuite> <!-- Assessments.NISTMultiPageMultiQnsPerPage -->
