<?xml version="1.0" encoding="UTF-8"?>
<!-- Generated by org.testng.reporters.JUnitReportReporter -->
<testsuite hostname="DESKTOP-2MQ9SDJ" failures="0" tests="1" name="Templates.import_Sections" time="31.765" errors="0" timestamp="2022-01-19T13:43:15 IST" skipped="0">
  <testcase classname="Templates.import_Sections" name="testImportSections" time="31.765"/>
  <system-out/>
</testsuite> <!-- Templates.import_Sections -->
