<?xml version="1.0" encoding="UTF-8"?>
<!-- Generated by org.testng.reporters.JUnitReportReporter -->
<testsuite hostname="DESKTOP-2MQ9SDJ" failures="0" tests="1" name="Templates.EditSecScore_DeleteSec" time="33.277" errors="0" timestamp="2022-01-19T13:47:26 IST" skipped="0">
  <testcase classname="Templates.EditSecScore_DeleteSec" name="testEditSectionScore" time="33.277"/>
  <system-out/>
</testsuite> <!-- Templates.EditSecScore_DeleteSec -->
