<?xml version="1.0" encoding="UTF-8"?>
<!-- Generated by org.testng.reporters.JUnitReportReporter -->
<testsuite hostname="DESKTOP-2MQ9SDJ" failures="0" tests="3" name="Templates.AddSections" time="79.069" errors="0" timestamp="2022-01-19T13:43:15 IST" skipped="0">
  <testcase classname="Templates.AddSections" name="testAddingSections" time="28.330"/>
  <system-out/>
  <testcase classname="Templates.AddSections" name="testAddingSections" time="22.263"/>
  <system-out/>
  <testcase classname="Templates.AddSections" name="testAddingSections" time="28.476"/>
  <system-out/>
</testsuite> <!-- Templates.AddSections -->
