<?xml version="1.0" encoding="UTF-8"?>
<!-- Generated by org.testng.reporters.JUnitReportReporter -->
<testsuite hostname="DESKTOP-2MQ9SDJ" failures="0" tests="1" name="Assessments.filterPendingAssessment" time="3.624" errors="0" timestamp="2021-10-28T16:49:42 IST" skipped="0">
  <testcase classname="Assessments.filterPendingAssessment" name="testFilterAssessment" time="3.624"/>
  <system-out/>
</testsuite> <!-- Assessments.filterPendingAssessment -->
