<?xml version="1.0" encoding="UTF-8"?>
<!-- Generated by org.testng.reporters.JUnitReportReporter -->
<testsuite hostname="DESKTOP-2MQ9SDJ" failures="0" tests="1" name="Assessments.AssignReviewer" time="24.219" errors="0" timestamp="2022-01-10T10:31:22 IST" skipped="0">
  <testcase classname="Assessments.AssignReviewer" name="testAssignReviewer" time="24.219"/>
  <system-out/>
</testsuite> <!-- Assessments.AssignReviewer -->
