<?xml version="1.0" encoding="UTF-8"?>
<!-- Generated by org.testng.reporters.JUnitReportReporter -->
<testsuite hostname="DESKTOP-2MQ9SDJ" failures="0" tests="1" name="Templates.EditQuestions" time="25.202" errors="0" timestamp="2022-01-18T19:55:39 IST" skipped="0">
  <testcase classname="Templates.EditQuestions" name="testEditQuestions" time="25.202"/>
  <system-out/>
</testsuite> <!-- Templates.EditQuestions -->
