<?xml version="1.0" encoding="UTF-8"?>
<!-- Generated by org.testng.reporters.JUnitReportReporter -->
<testsuite hostname="DESKTOP-2MQ9SDJ" failures="0" tests="1" name="Assessments.EditReportContent" time="12.326" errors="0" timestamp="2022-01-11T17:10:59 IST" skipped="0">
  <testcase classname="Assessments.EditReportContent" name="testEditReportContent" time="12.326"/>
  <system-out/>
</testsuite> <!-- Assessments.EditReportContent -->
