<?xml version="1.0" encoding="UTF-8"?>
<!-- Generated by org.testng.reporters.JUnitReportReporter -->
<testsuite hostname="DESKTOP-2MQ9SDJ" failures="0" tests="1" name="Templates.EditQuestions" time="29.726" errors="0" timestamp="2022-01-12T14:54:34 IST" skipped="0">
  <testcase classname="Templates.EditQuestions" name="testEditQuestions" time="29.726"/>
  <system-out/>
</testsuite> <!-- Templates.EditQuestions -->
