<?xml version="1.0" encoding="UTF-8"?>
<!-- Generated by org.testng.reporters.JUnitReportReporter -->
<testsuite hostname="DESKTOP-2MQ9SDJ" failures="0" tests="1" name="Templates.EditSecScore_DeleteSec" time="27.934" errors="0" timestamp="2022-01-18T12:06:11 IST" skipped="0">
  <testcase classname="Templates.EditSecScore_DeleteSec" name="testEditSectionScore" time="27.934"/>
  <system-out/>
</testsuite> <!-- Templates.EditSecScore_DeleteSec -->
