<?xml version="1.0" encoding="UTF-8"?>
<!-- Generated by org.testng.reporters.JUnitReportReporter -->
<testsuite hostname="DESKTOP-2MQ9SDJ" failures="0" tests="1" name="Resource_Model.Ctrl_review" time="22.419" errors="0" timestamp="2021-10-07T14:46:25 IST" skipped="0">
  <testcase classname="Resource_Model.Ctrl_review" name="testControlReviewFlow" time="22.419"/>
  <system-out/>
</testsuite> <!-- Resource_Model.Ctrl_review -->
