<?xml version="1.0" encoding="UTF-8"?>
<!-- Generated by org.testng.reporters.JUnitReportReporter -->
<testsuite hostname="DESKTOP-2MQ9SDJ" failures="0" tests="5" name="Resource_Model.Create_Control" time="109.871" errors="0" timestamp="2021-12-24T17:18:40 IST" skipped="0">
  <testcase classname="Resource_Model.Create_Control" name="test_Control_Review_Flow" time="20.392"/>
  <system-out/>
  <testcase classname="Resource_Model.Create_Control" name="test_Control_Review_Flow" time="27.482"/>
  <system-out/>
  <testcase classname="Resource_Model.Create_Control" name="test_Control_Review_Flow" time="20.432"/>
  <system-out/>
  <testcase classname="Resource_Model.Create_Control" name="test_Control_Review_Flow" time="20.781"/>
  <system-out/>
  <testcase classname="Resource_Model.Create_Control" name="test_Control_Review_Flow" time="20.784"/>
  <system-out/>
</testsuite> <!-- Resource_Model.Create_Control -->
