<?xml version="1.0" encoding="UTF-8"?>
<!-- Generated by org.testng.reporters.JUnitReportReporter -->
<testsuite hostname="DESKTOP-2MQ9SDJ" failures="0" tests="2" name="Resource_Model.Create_Resource" time="20.692" errors="0" timestamp="2021-12-24T16:22:18 IST" skipped="0">
  <testcase classname="Resource_Model.Create_Resource" name="testCreateResource" time="9.361"/>
  <system-out/>
  <testcase classname="Resource_Model.Create_Resource" name="testCreateResource" time="11.331"/>
  <system-out/>
</testsuite> <!-- Resource_Model.Create_Resource -->
