<?xml version="1.0" encoding="UTF-8"?>
<!-- Generated by org.testng.reporters.JUnitReportReporter -->
<testsuite hostname="DESKTOP-2MQ9SDJ" failures="0" tests="1" name="Resource_Model.GenerateControlReport" time="16.009" errors="0" timestamp="2022-01-03T16:29:50 IST" skipped="0">
  <testcase classname="Resource_Model.GenerateControlReport" name="testGenerateControlReport" time="16.009"/>
  <system-out/>
</testsuite> <!-- Resource_Model.GenerateControlReport -->
