<?xml version="1.0" encoding="UTF-8"?>
<!-- Generated by org.testng.reporters.JUnitReportReporter -->
<testsuite hostname="DESKTOP-2MQ9SDJ" failures="0" tests="1" name="Resource_Model.AssessmentsTab" time="29.280" errors="0" timestamp="2022-01-04T15:45:46 IST" skipped="0">
  <testcase classname="Resource_Model.AssessmentsTab" name="testPublishAssessments" time="29.280"/>
  <system-out/>
</testsuite> <!-- Resource_Model.AssessmentsTab -->
