<?xml version="1.0" encoding="UTF-8"?>
<!-- Generated by org.testng.reporters.JUnitReportReporter -->
<testsuite hostname="DESKTOP-2MQ9SDJ" failures="0" tests="1" name="Resource_Model.DeleteControl" time="14.866" errors="0" timestamp="2021-12-24T20:07:12 IST" skipped="0">
  <testcase classname="Resource_Model.DeleteControl" name="testDeleteControl" time="14.866"/>
  <system-out/>
</testsuite> <!-- Resource_Model.DeleteControl -->
