<?xml version="1.0" encoding="UTF-8"?>
<!-- Generated by org.testng.reporters.JUnitReportReporter -->
<testsuite hostname="DESKTOP-2MQ9SDJ" failures="0" tests="1" name="Resource_Model.Update_Resource" time="24.795" errors="0" timestamp="2021-12-24T16:23:18 IST" skipped="0">
  <testcase classname="Resource_Model.Update_Resource" name="testUpdateResource" time="24.795"/>
  <system-out/>
</testsuite> <!-- Resource_Model.Update_Resource -->
