<?xml version="1.0" encoding="UTF-8"?>
<!-- Generated by org.testng.reporters.JUnitReportReporter -->
<testsuite hostname="DESKTOP-2MQ9SDJ" failures="0" tests="1" name="Resource_Model.LibCtrls" time="41.307" errors="0" timestamp="2021-12-24T20:25:09 IST" skipped="0">
  <testcase classname="Resource_Model.LibCtrls" name="testaddLibControls" time="41.307"/>
  <system-out/>
</testsuite> <!-- Resource_Model.LibCtrls -->
