<?xml version="1.0" encoding="UTF-8"?>
<!-- Generated by org.testng.reporters.JUnitReportReporter -->
<testsuite hostname="DESKTOP-2MQ9SDJ" failures="0" tests="1" name="Controls_Module.SecurityAssessments.DeleteControl" time="12.331" errors="0" timestamp="2021-12-27T13:13:12 IST" skipped="0">
  <testcase classname="Controls_Module.SecurityAssessments.DeleteControl" name="testControlDeletion" time="12.331"/>
  <system-out/>
</testsuite> <!-- Controls_Module.SecurityAssessments.DeleteControl -->
