<?xml version="1.0" encoding="UTF-8"?>
<!-- Generated by org.testng.reporters.JUnitReportReporter -->
<testsuite hostname="DESKTOP-2MQ9SDJ" failures="0" tests="1" name="Policies_Module.deletePolicy" time="12.386" errors="0" timestamp="2021-12-29T11:57:09 IST" skipped="0">
  <testcase classname="Policies_Module.deletePolicy" name="testDeletePolicy" time="12.386"/>
  <system-out/>
</testsuite> <!-- Policies_Module.deletePolicy -->
