<?xml version="1.0" encoding="UTF-8"?>
<!-- Generated by org.testng.reporters.JUnitReportReporter -->
<testsuite hostname="DESKTOP-2MQ9SDJ" failures="0" tests="1" name="Threats_Module.EditThreat" time="25.288" errors="0" timestamp="2021-12-29T17:27:23 IST" skipped="0">
  <testcase classname="Threats_Module.EditThreat" name="testEditThreat" time="25.288"/>
  <system-out/>
</testsuite> <!-- Threats_Module.EditThreat -->
