<?xml version="1.0" encoding="UTF-8"?>
<!-- Generated by org.testng.reporters.JUnitReportReporter -->
<testsuite hostname="DESKTOP-2MQ9SDJ" failures="0" tests="1" name="Controls_Module.SecurityAssessments.EditControlObject" time="11.986" errors="0" timestamp="2021-12-27T16:23:28 IST" skipped="0">
  <testcase classname="Controls_Module.SecurityAssessments.EditControlObject" name="testEditCtrlObj" time="11.986"/>
  <system-out/>
</testsuite> <!-- Controls_Module.SecurityAssessments.EditControlObject -->
