<?xml version="1.0" encoding="UTF-8"?>
<!-- Generated by org.testng.reporters.JUnitReportReporter -->
<testsuite hostname="DESKTOP-2MQ9SDJ" failures="0" tests="1" name="Reports.WebReport" time="34.730" errors="0" timestamp="2022-01-03T11:58:28 IST" skipped="0">
  <testcase classname="Reports.WebReport" name="testWebReport" time="34.730"/>
  <system-out/>
</testsuite> <!-- Reports.WebReport -->
