<?xml version="1.0" encoding="UTF-8"?>
<!-- Generated by org.testng.reporters.JUnitReportReporter -->
<testsuite hostname="DESKTOP-2MQ9SDJ" failures="0" tests="1" name="Policies_Module.delPolicyContent" time="11.091" errors="0" timestamp="2021-12-29T13:46:06 IST" skipped="0">
  <testcase classname="Policies_Module.delPolicyContent" name="testDeleteContent" time="11.091"/>
  <system-out/>
</testsuite> <!-- Policies_Module.delPolicyContent -->
