<?xml version="1.0" encoding="UTF-8"?>
<!-- Generated by org.testng.reporters.JUnitReportReporter -->
<testsuite hostname="DESKTOP-2MQ9SDJ" failures="0" tests="1" name="Threats_Module.FilterThrear" time="25.267" errors="0" timestamp="2021-12-29T20:39:02 IST" skipped="0">
  <testcase classname="Threats_Module.FilterThrear" name="testFilterThreat" time="25.267"/>
  <system-out/>
</testsuite> <!-- Threats_Module.FilterThrear -->
