<?xml version="1.0" encoding="UTF-8"?>
<!-- Generated by org.testng.reporters.JUnitReportReporter -->
<testsuite hostname="DESKTOP-2MQ9SDJ" failures="0" tests="1" name="Controls_Module.SecurityAssessments.CtrlObjective" time="11.767" errors="0" timestamp="2021-12-27T15:49:42 IST" skipped="0">
  <testcase classname="Controls_Module.SecurityAssessments.CtrlObjective" name="testCreateCtrlObjective" time="11.767"/>
  <system-out/>
</testsuite> <!-- Controls_Module.SecurityAssessments.CtrlObjective -->
