<?xml version="1.0" encoding="UTF-8"?>
<!-- Generated by org.testng.reporters.JUnitReportReporter -->
<testsuite hostname="DESKTOP-2MQ9SDJ" failures="0" tests="1" name="Risks_Module.filterRisks" time="4.355" errors="0" timestamp="2021-12-28T18:22:24 IST" skipped="0">
  <testcase classname="Risks_Module.filterRisks" name="testFilterRisks" time="4.355"/>
  <system-out/>
</testsuite> <!-- Risks_Module.filterRisks -->
