<?xml version="1.0" encoding="UTF-8"?>
<!-- Generated by org.testng.reporters.JUnitReportReporter -->
<testsuite hostname="DESKTOP-2MQ9SDJ" failures="0" tests="1" name="Policies_Module.PolicyContent" time="12.663" errors="0" timestamp="2021-12-29T12:37:39 IST" skipped="0">
  <testcase classname="Policies_Module.PolicyContent" name="testAddContent" time="12.663"/>
  <system-out/>
</testsuite> <!-- Policies_Module.PolicyContent -->
