<?xml version="1.0" encoding="UTF-8"?>
<!-- Generated by org.testng.reporters.JUnitReportReporter -->
<testsuite hostname="DESKTOP-2MQ9SDJ" failures="0" tests="1" name="Risks_Module.deleteRisk" time="9.963" errors="0" timestamp="2021-12-28T17:17:32 IST" skipped="0">
  <testcase classname="Risks_Module.deleteRisk" name="testDeleteRisk" time="9.963"/>
  <system-out/>
</testsuite> <!-- Risks_Module.deleteRisk -->
