<?xml version="1.0" encoding="UTF-8"?>
<!-- Generated by org.testng.reporters.JUnitReportReporter -->
<testsuite hostname="DESKTOP-2MQ9SDJ" failures="0" tests="1" name="Reports.DownloadReports" time="15.202" errors="0" timestamp="2022-01-03T11:08:50 IST" skipped="0">
  <testcase classname="Reports.DownloadReports" name="testDownloadingReports" time="15.202"/>
  <system-out/>
</testsuite> <!-- Reports.DownloadReports -->
