<?xml version="1.0" encoding="UTF-8"?>
<!-- Generated by org.testng.reporters.JUnitReportReporter -->
<testsuite hostname="DESKTOP-2MQ9SDJ" failures="0" tests="1" name="User_Module.Invite" time="8.956" errors="0" timestamp="2022-01-03T11:55:05 IST" skipped="0">
  <testcase classname="User_Module.Invite" name="testInviteUser" time="8.956"/>
  <system-out/>
</testsuite> <!-- User_Module.Invite -->
