<?xml version="1.0" encoding="UTF-8"?>
<!-- Generated by org.testng.reporters.JUnitReportReporter -->
<testsuite hostname="DESKTOP-2MQ9SDJ" failures="0" tests="5" name="Controls_Module.SecurityAssessments.CreateControl" time="126.978" errors="0" timestamp="2021-12-27T11:07:18 IST" skipped="0">
  <testcase classname="Controls_Module.SecurityAssessments.CreateControl" name="test_Control_Review_Flow" time="25.060"/>
  <system-out/>
  <testcase classname="Controls_Module.SecurityAssessments.CreateControl" name="test_Control_Review_Flow" time="24.099"/>
  <system-out/>
  <testcase classname="Controls_Module.SecurityAssessments.CreateControl" name="test_Control_Review_Flow" time="23.842"/>
  <system-out/>
  <testcase classname="Controls_Module.SecurityAssessments.CreateControl" name="test_Control_Review_Flow" time="28.738"/>
  <system-out/>
  <testcase classname="Controls_Module.SecurityAssessments.CreateControl" name="test_Control_Review_Flow" time="25.239"/>
  <system-out/>
</testsuite> <!-- Controls_Module.SecurityAssessments.CreateControl -->
