<?xml version="1.0" encoding="UTF-8"?>
<!-- Generated by org.testng.reporters.JUnitReportReporter -->
<testsuite hostname="DESKTOP-2MQ9SDJ" failures="0" tests="1" name="Policies_Module.EditPolicyContent" time="12.214" errors="0" timestamp="2021-12-29T12:48:55 IST" skipped="0">
  <testcase classname="Policies_Module.EditPolicyContent" name="testEditPolicyContent" time="12.214"/>
  <system-out/>
</testsuite> <!-- Policies_Module.EditPolicyContent -->
