<?xml version="1.0" encoding="UTF-8"?>
<!-- Generated by org.testng.reporters.JUnitReportReporter -->
<testsuite hostname="DESKTOP-2MQ9SDJ" failures="0" tests="1" name="Controls_Module.SecurityAssessments.DeleteControl" time="17.231" errors="0" timestamp="2022-01-19T12:17:48 IST" skipped="0">
  <testcase classname="Controls_Module.SecurityAssessments.DeleteControl" name="testControlDeletion" time="17.231"/>
  <system-out/>
</testsuite> <!-- Controls_Module.SecurityAssessments.DeleteControl -->
