<?xml version="1.0" encoding="UTF-8"?>
<!-- Generated by org.testng.reporters.JUnitReportReporter -->
<testsuite hostname="DESKTOP-2MQ9SDJ" failures="0" tests="1" name="Policies_Module.CreatingPolicies" time="12.780" errors="0" timestamp="2021-12-29T10:08:47 IST" skipped="0">
  <testcase classname="Policies_Module.CreatingPolicies" name="testCreatePolicy" time="12.780"/>
  <system-out/>
</testsuite> <!-- Policies_Module.CreatingPolicies -->
