<?xml version="1.0" encoding="UTF-8"?>
<!-- Generated by org.testng.reporters.JUnitReportReporter -->
<testsuite hostname="DESKTOP-2MQ9SDJ" failures="0" tests="1" name="Threats_Module.detachResource" time="18.998" errors="0" timestamp="2021-12-29T17:28:31 IST" skipped="0">
  <testcase classname="Threats_Module.detachResource" name="testDetachResource" time="18.998"/>
  <system-out/>
</testsuite> <!-- Threats_Module.detachResource -->
