<?xml version="1.0" encoding="UTF-8"?>
<!-- Generated by org.testng.reporters.JUnitReportReporter -->
<testsuite hostname="DESKTOP-2MQ9SDJ" failures="0" tests="1" name="Risks_Module.filterRisks" time="9.581" errors="0" timestamp="2022-01-22T19:44:06 IST" skipped="0">
  <testcase classname="Risks_Module.filterRisks" name="testFilterRisks" time="9.581"/>
  <system-out/>
</testsuite> <!-- Risks_Module.filterRisks -->
