<?xml version="1.0" encoding="UTF-8"?>
<!-- Generated by org.testng.reporters.JUnitReportReporter -->
<testsuite hostname="DESKTOP-2MQ9SDJ" failures="0" tests="1" name="Controls_Module.SecurityAssessments.CtrlObjective" time="15.782" errors="0" timestamp="2022-01-19T12:17:48 IST" skipped="0">
  <testcase classname="Controls_Module.SecurityAssessments.CtrlObjective" name="testCreateCtrlObjective" time="15.782"/>
  <system-out/>
</testsuite> <!-- Controls_Module.SecurityAssessments.CtrlObjective -->
