<?xml version="1.0" encoding="UTF-8"?>
<!-- Generated by org.testng.reporters.JUnitReportReporter -->
<testsuite hostname="DESKTOP-2MQ9SDJ" failures="0" tests="1" name="Controls_Module.SecurityAssessments.ControlDashboard" time="10.071" errors="0" timestamp="2021-12-27T17:17:28 IST" skipped="0">
  <testcase classname="Controls_Module.SecurityAssessments.ControlDashboard" name="testControlDashboard" time="10.071"/>
  <system-out/>
</testsuite> <!-- Controls_Module.SecurityAssessments.ControlDashboard -->
