<?xml version="1.0" encoding="UTF-8"?>
<!-- Generated by org.testng.reporters.JUnitReportReporter -->
<testsuite hostname="DESKTOP-2MQ9SDJ" failures="0" tests="1" name="Risks_Module.detachResource" time="26.963" errors="0" timestamp="2022-01-22T19:44:06 IST" skipped="0">
  <testcase classname="Risks_Module.detachResource" name="testDetachResourceFromRisk" time="26.963"/>
  <system-out/>
</testsuite> <!-- Risks_Module.detachResource -->
