<?xml version="1.0" encoding="UTF-8"?>
<!-- Generated by org.testng.reporters.JUnitReportReporter -->
<testsuite hostname="DESKTOP-2MQ9SDJ" failures="0" tests="1" name="Standards.SearchOption" time="6.068" errors="0" timestamp="2022-01-03T10:43:41 IST" skipped="0">
  <testcase classname="Standards.SearchOption" name="testSearchStandards" time="6.068"/>
  <system-out/>
</testsuite> <!-- Standards.SearchOption -->
