<?xml version="1.0" encoding="UTF-8"?>
<!-- Generated by org.testng.reporters.JUnitReportReporter -->
<testsuite hostname="DESKTOP-2MQ9SDJ" failures="0" tests="1" name="Threats_Module.CreateThreat" time="9.698" errors="0" timestamp="2021-12-29T17:26:35 IST" skipped="0">
  <testcase classname="Threats_Module.CreateThreat" name="testCreateThreat" time="9.698"/>
  <system-out/>
</testsuite> <!-- Threats_Module.CreateThreat -->
