<?xml version="1.0" encoding="UTF-8"?>
<!-- Generated by org.testng.reporters.JUnitReportReporter -->
<testsuite hostname="DESKTOP-2MQ9SDJ" failures="0" tests="5" name="Controls_Module.SecurityAssessments.CreateControl" time="138.430" errors="0" timestamp="2022-01-19T12:17:48 IST" skipped="0">
  <testcase classname="Controls_Module.SecurityAssessments.CreateControl" name="test_Control_Review_Flow" time="27.831"/>
  <system-out/>
  <testcase classname="Controls_Module.SecurityAssessments.CreateControl" name="test_Control_Review_Flow" time="28.988"/>
  <system-out/>
  <testcase classname="Controls_Module.SecurityAssessments.CreateControl" name="test_Control_Review_Flow" time="26.423"/>
  <system-out/>
  <testcase classname="Controls_Module.SecurityAssessments.CreateControl" name="test_Control_Review_Flow" time="27.735"/>
  <system-out/>
  <testcase classname="Controls_Module.SecurityAssessments.CreateControl" name="test_Control_Review_Flow" time="27.453"/>
  <system-out/>
</testsuite> <!-- Controls_Module.SecurityAssessments.CreateControl -->
