<?xml version="1.0" encoding="UTF-8"?>
<!-- Generated by org.testng.reporters.JUnitReportReporter -->
<testsuite hostname="DESKTOP-2MQ9SDJ" failures="0" tests="1" name="Threats_Module.deleteThreat" time="12.764" errors="0" timestamp="2021-12-29T20:23:17 IST" skipped="0">
  <testcase classname="Threats_Module.deleteThreat" name="testDeleteThreat" time="12.764"/>
  <system-out/>
</testsuite> <!-- Threats_Module.deleteThreat -->
