<?xml version="1.0" encoding="UTF-8"?>
<!-- Generated by org.testng.reporters.JUnitReportReporter -->
<testsuite hostname="DESKTOP-2MQ9SDJ" failures="0" tests="1" name="User_Module.EditUser" time="17.301" errors="0" timestamp="2021-12-30T15:14:18 IST" skipped="0">
  <testcase classname="User_Module.EditUser" name="testEditUser" time="17.301"/>
  <system-out/>
</testsuite> <!-- User_Module.EditUser -->
