<?xml version="1.0" encoding="UTF-8"?>
<!-- Generated by org.testng.reporters.JUnitReportReporter -->
<testsuite hostname="DESKTOP-2MQ9SDJ" failures="0" tests="1" name="Reports.ControlReport" time="13.040" errors="0" timestamp="2022-01-04T17:01:46 IST" skipped="0">
  <testcase classname="Reports.ControlReport" name="testGeneratingControlReport" time="13.040"/>
  <system-out/>
</testsuite> <!-- Reports.ControlReport -->
